Starting Shell Script
Started python script.
Finished importing
Model loaded
Trying again, HU range:  3021.0 3271.0
Trying again, HU range:  3021.0 3271.0
Trying again, HU range:  32617.0 32867.0
Trying again, HU range:  3021.0 3271.0
Trying again, HU range:  3021.0 3271.0
Trying again, HU range:  31230.0 31480.0
Trying again, HU range:  3021.0 3271.0
Trying again, HU range:  31640.0 31890.0
Trying again, HU range:  3021.0 3271.0
Trying again, HU range:  26581.0 26831.0
Trying again, HU range:  32279.0 32529.0
Trying again, HU range:  3021.0 3271.0
Trying again, HU range:  18527.0 18777.0
Trying again, HU range:  32658.0 32908.0
Trying again, HU range:  19480.0 19730.0
Trying again, HU range:  32533.0 32783.0
Trying again, HU range:  16195.0 16445.0
Trying again, HU range:  30945.0 31195.0
Trying again, HU range:  22722.0 22972.0
Trying again, HU range:  32157.0 32407.0
Trying again, HU range:  3021.0 3271.0
Trying again, HU range:  3021.0 3271.0
Trying again, HU range:  3021.0 3271.0
Trying again, HU range:  24301.0 24551.0
Trying again, HU range:  32529.0 32779.0
Trying again, HU range:  31952.0 32202.0
Trying again, HU range:  3021.0 3271.0
Trying again, HU range:  32444.0 32694.0
Trying again, HU range:  32285.0 32535.0
Trying again, HU range:  31663.0 31913.0
Trying again, HU range:  30944.0 31194.0
Trying again, HU range:  23714.0 23964.0
Trying again, HU range:  3021.0 3271.0
Trying again, HU range:  3021.0 3271.0
Trying again, HU range:  3021.0 3271.0
Trying again, HU range:  26154.0 26404.0
Trying again, HU range:  3021.0 3271.0
Trying again, HU range:  27721.0 27971.0
Trying again, HU range:  31886.0 32136.0
Trying again, HU range:  3021.0 3271.0
Trying again, HU range:  3021.0 3271.0
Trying again, HU range:  3021.0 3271.0
Trying again, HU range:  31516.0 31766.0
Trying again, HU range:  3021.0 3271.0
Trying again, HU range:  3021.0 3271.0
Trying again, HU range:  29925.0 30175.0
Trying again, HU range:  27567.0 27817.0
Trying again, HU range:  3021.0 3271.0
Trying again, HU range:  26576.0 26826.0
Trying again, HU range:  32625.0 32875.0
Trying again, HU range:  32492.0 32742.0
Trying again, HU range:  32659.0 32909.0
Trying again, HU range:  3021.0 3271.0
Trying again, HU range:  27041.0 27291.0
Trying again, HU range:  32416.0 32666.0
Trying again, HU range:  28858.0 29108.0
Trying again, HU range:  27386.0 27636.0
Trying again, HU range:  3021.0 3271.0
Trying again, HU range:  31518.0 31768.0
Trying again, HU range:  3021.0 3271.0
Trying again, HU range:  3021.0 3271.0
Trying again, HU range:  3021.0 3271.0
Trying again, HU range:  3021.0 3271.0
Trying again, HU range:  3021.0 3271.0
Trying again, HU range:  3021.0 3271.0
Trying again, HU range:  31028.0 31278.0
Trying again, HU range:  32229.0 32479.0
Trying again, HU range:  26457.0 26707.0
Trying again, HU range:  27707.0 27957.0
Trying again, HU range:  31575.0 31825.0
Trying again, HU range:  30714.0 30964.0
Trying again, HU range:  26631.0 26881.0
Trying again, HU range:  3021.0 3271.0
Trying again, HU range:  30166.0 30416.0
Trying again, HU range:  30443.0 30693.0
Trying again, HU range:  32677.0 32927.0
Trying again, HU range:  3021.0 3271.0
Trying again, HU range:  31730.0 31980.0
Trying again, HU range:  3021.0 3271.0
Trying again, HU range:  30038.0 30288.0
Trying again, HU range:  3021.0 3271.0
Trying again, HU range:  31558.0 31808.0
Trying again, HU range:  3021.0 3271.0
Trying again, HU range:  3021.0 3271.0
Trying again, HU range:  24783.0 25033.0
Trying again, HU range:  3021.0 3271.0
Trying again, HU range:  3022.0 3272.0
Trying again, HU range:  3021.0 3271.0
Trying again, HU range:  27146.0 27396.0
Trying again, HU range:  32588.0 32838.0
Trying again, HU range:  3022.0 3272.0
Trying again, HU range:  26112.0 26362.0
Trying again, HU range:  32648.0 32898.0
Trying again, HU range:  29781.0 30031.0
Trying again, HU range:  26950.0 27200.0
Trying again, HU range:  23707.0 23957.0
Trying again, HU range:  30977.0 31227.0
Trying again, HU range:  30772.0 31022.0
Trying again, HU range:  3021.0 3271.0
Trying again, HU range:  3021.0 3271.0
Trying again, HU range:  27700.0 27950.0
Trying again, HU range:  32664.0 32914.0
Trying again, HU range:  3021.0 3271.0
Trying again, HU range:  31921.0 32171.0
Trying again, HU range:  29138.0 29388.0
Trying again, HU range:  31012.0 31262.0
Trying again, HU range:  32016.0 32266.0
Trying again, HU range:  28537.0 28787.0
Trying again, HU range:  23279.0 23529.0
Trying again, HU range:  31699.0 31949.0
Trying again, HU range:  31729.0 31979.0
Trying again, HU range:  29073.0 29323.0
Trying again, HU range:  32652.0 32902.0
Trying again, HU range:  31919.0 32169.0
Trying again, HU range:  32640.0 32890.0
Trying again, HU range:  3021.0 3271.0
Trying again, HU range:  3021.0 3271.0
Trying again, HU range:  29057.0 29307.0
Trying again, HU range:  3021.0 3271.0
Trying again, HU range:  32552.0 32802.0
Trying again, HU range:  28687.0 28937.0
Trying again, HU range:  27277.0 27527.0
Trying again, HU range:  3021.0 3271.0
Trying again, HU range:  32092.0 32342.0
Trying again, HU range:  3021.0 3271.0
Trying again, HU range:  31935.0 32185.0
Trying again, HU range:  28656.0 28906.0
Trying again, HU range:  28132.0 28382.0
Trying again, HU range:  32635.0 32885.0
Trying again, HU range:  3021.0 3271.0
Trying again, HU range:  32536.0 32786.0
Trying again, HU range:  3021.0 3271.0
Trying again, HU range:  29221.0 29471.0
Trying again, HU range:  32340.0 32590.0
Trying again, HU range:  31969.0 32219.0
Trying again, HU range:  32529.0 32779.0
Trying again, HU range:  32478.0 32728.0
Trying again, HU range:  30622.0 30872.0
Trying again, HU range:  28547.0 28797.0
Trying again, HU range:  3021.0 3271.0
Trying again, HU range:  30561.0 30811.0
Trying again, HU range:  3021.0 3271.0
Trying again, HU range:  3021.0 3271.0
Trying again, HU range:  3021.0 3271.0
Trying again, HU range:  3021.0 3271.0
Trying again, HU range:  32494.0 32744.0
Trying again, HU range:  3021.0 3271.0
Trying again, HU range:  3021.0 3271.0
Trying again, HU range:  31638.0 31888.0
Trying again, HU range:  31012.0 31262.0
Trying again, HU range:  30408.0 30658.0
Trying again, HU range:  24549.0 24799.0
Trying again, HU range:  3021.0 3271.0
Trying again, HU range:  3021.0 3271.0
Trying again, HU range:  31699.0 31949.0
Trying again, HU range:  24086.0 24336.0
Trying again, HU range:  30721.0 30971.0
Trying again, HU range:  28928.0 29178.0
Trying again, HU range:  32067.0 32317.0
Trying again, HU range:  24280.0 24530.0
Trying again, HU range:  3022.0 3272.0
Trying again, HU range:  32443.0 32693.0
Trying again, HU range:  32717.0 32967.0
Trying again, HU range:  3021.0 3271.0
Trying again, HU range:  31891.0 32141.0
Trying again, HU range:  27973.0 28223.0
Trying again, HU range:  3021.0 3271.0
Trying again, HU range:  28604.0 28854.0
Trying again, HU range:  25083.0 25333.0
Trying again, HU range:  2926.0 3176.0
Trying again, HU range:  3021.0 3271.0
Trying again, HU range:  32414.0 32664.0
Trying again, HU range:  3021.0 3271.0
Trying again, HU range:  30506.0 30756.0
Trying again, HU range:  27394.0 27644.0
Trying again, HU range:  3021.0 3271.0
Trying again, HU range:  3021.0 3271.0
Trying again, HU range:  31983.0 32233.0
Trying again, HU range:  23699.0 23949.0
Trying again, HU range:  32657.0 32907.0
Trying again, HU range:  3022.0 3272.0
Trying again, HU range:  30813.0 31063.0
Trying again, HU range:  24082.0 24332.0
Trying again, HU range:  3022.0 3272.0
Trying again, HU range:  31946.0 32196.0
Trying again, HU range:  29150.0 29400.0
Trying again, HU range:  31185.0 31435.0
Trying again, HU range:  3021.0 3271.0
Trying again, HU range:  3021.0 3271.0
Trying again, HU range:  3021.0 3271.0
Trying again, HU range:  3021.0 3271.0
Trying again, HU range:  24655.0 24905.0
Trying again, HU range:  3021.0 3271.0
Trying again, HU range:  3021.0 3271.0
Trying again, HU range:  3021.0 3271.0
Trying again, HU range:  31696.0 31946.0
Trying again, HU range:  32445.0 32695.0
Trying again, HU range:  3021.0 3271.0
Trying again, HU range:  32673.0 32923.0
Trying again, HU range:  26586.0 26836.0
Trying again, HU range:  3021.0 3271.0
Trying again, HU range:  24455.0 24705.0
Trying again, HU range:  32653.0 32903.0
Trying again, HU range:  27655.0 27905.0
Trying again, HU range:  3021.0 3271.0
Trying again, HU range:  3021.0 3271.0
Trying again, HU range:  32654.0 32904.0
Trying again, HU range:  3022.0 3272.0
Trying again, HU range:  31947.0 32197.0
Trying again, HU range:  3021.0 3271.0
Trying again, HU range:  32678.0 32928.0
Trying again, HU range:  29393.0 29643.0
Trying again, HU range:  3021.0 3271.0
Trying again, HU range:  32502.0 32752.0
Trying again, HU range:  3021.0 3271.0
Trying again, HU range:  3021.0 3271.0
Trying again, HU range:  2926.0 3176.0
Trying again, HU range:  26847.0 27097.0
Trying again, HU range:  3021.0 3271.0
Trying again, HU range:  3021.0 3271.0
Trying again, HU range:  32405.0 32655.0
Trying again, HU range:  32652.0 32902.0
Trying again, HU range:  32708.0 32958.0
Trying again, HU range:  31709.0 31959.0
Trying again, HU range:  3021.0 3271.0
Trying again, HU range:  3021.0 3271.0
Trying again, HU range:  3022.0 3272.0
Trying again, HU range:  24553.0 24803.0
Trying again, HU range:  32168.0 32418.0
Trying again, HU range:  3021.0 3271.0
Trying again, HU range:  18271.0 18521.0
Trying again, HU range:  30669.0 30919.0
Trying again, HU range:  3021.0 3271.0
Trying again, HU range:  32194.0 32444.0
Trying again, HU range:  31347.0 31597.0
Trying again, HU range:  24067.0 24317.0
Trying again, HU range:  30331.0 30581.0
Trying again, HU range:  3021.0 3271.0
Trying again, HU range:  32643.0 32893.0
Trying again, HU range:  16800.0 17050.0
Trying again, HU range:  30407.0 30657.0
Trying again, HU range:  3021.0 3271.0
Trying again, HU range:  32683.0 32933.0
Trying again, HU range:  32715.0 32965.0
Trying again, HU range:  24431.0 24681.0
Trying again, HU range:  32187.0 32437.0
Trying again, HU range:  3021.0 3271.0
Trying again, HU range:  30986.0 31236.0
Trying again, HU range:  3021.0 3271.0
Trying again, HU range:  32232.0 32482.0
Trying again, HU range:  20564.0 20814.0
Trying again, HU range:  31519.0 31769.0
Trying again, HU range:  3021.0 3271.0
Trying again, HU range:  3021.0 3271.0
Trying again, HU range:  30160.0 30410.0
Trying again, HU range:  32679.0 32929.0
Trying again, HU range:  3021.0 3271.0
Trying again, HU range:  29747.0 29997.0
Trying again, HU range:  30772.0 31022.0
Trying again, HU range:  31760.0 32010.0
Trying again, HU range:  32342.0 32592.0
Trying again, HU range:  19106.0 19356.0
Trying again, HU range:  32491.0 32741.0
Trying again, HU range:  3021.0 3271.0
Trying again, HU range:  26640.0 26890.0
Trying again, HU range:  31793.0 32043.0
Trying again, HU range:  32502.0 32752.0
Trying again, HU range:  3021.0 3271.0
Trying again, HU range:  3021.0 3271.0
Trying again, HU range:  3022.0 3272.0
Trying again, HU range:  32706.0 32956.0
Trying again, HU range:  3021.0 3271.0
Trying again, HU range:  32646.0 32896.0
Trying again, HU range:  19646.0 19896.0
Trying again, HU range:  19081.0 19331.0
Trying again, HU range:  32655.0 32905.0
Trying again, HU range:  30553.0 30803.0
Trying again, HU range:  22279.0 22529.0
Trying again, HU range:  32569.0 32819.0
Trying again, HU range:  32227.0 32477.0
Trying again, HU range:  31471.0 31721.0
Trying again, HU range:  3021.0 3271.0
Trying again, HU range:  3021.0 3271.0
Trying again, HU range:  3021.0 3271.0
Trying again, HU range:  31458.0 31708.0
Trying again, HU range:  30758.0 31008.0
Trying again, HU range:  3021.0 3271.0
Trying again, HU range:  3021.0 3271.0
Trying again, HU range:  15120.0 15370.0
Trying again, HU range:  28348.0 28598.0
Trying again, HU range:  28108.0 28358.0
Trying again, HU range:  12797.0 13047.0
Trying again, HU range:  32519.0 32769.0
Trying again, HU range:  24237.0 24487.0
Trying again, HU range:  32708.0 32958.0
Trying again, HU range:  3021.0 3271.0
Trying again, HU range:  32489.0 32739.0
Trying again, HU range:  30038.0 30288.0
Trying again, HU range:  31810.0 32060.0
Trying again, HU range:  25275.0 25525.0
Trying again, HU range:  3021.0 3271.0
Trying again, HU range:  31842.0 32092.0
Trying again, HU range:  30023.0 30273.0
Trying again, HU range:  20050.0 20300.0
Trying again, HU range:  29240.0 29490.0
Trying again, HU range:  25684.0 25934.0
Trying again, HU range:  24885.0 25135.0
Trying again, HU range:  3021.0 3271.0
Trying again, HU range:  3021.0 3271.0
Trying again, HU range:  28268.0 28518.0
Trying again, HU range:  27819.0 28069.0
Trying again, HU range:  32527.0 32777.0
Trying again, HU range:  3021.0 3271.0
Trying again, HU range:  3021.0 3271.0
Trying again, HU range:  3021.0 3271.0
Trying again, HU range:  31257.0 31507.0
Trying again, HU range:  3021.0 3271.0
Trying again, HU range:  29116.0 29366.0
Trying again, HU range:  28134.0 28384.0
Trying again, HU range:  32586.0 32836.0
Trying again, HU range:  3021.0 3271.0
Trying again, HU range:  3021.0 3271.0
Trying again, HU range:  32578.0 32828.0
Trying again, HU range:  2926.0 3176.0
Trying again, HU range:  31541.0 31791.0
Trying again, HU range:  26814.0 27064.0
Trying again, HU range:  32647.0 32897.0
Trying again, HU range:  31448.0 31698.0
Trying again, HU range:  3021.0 3271.0
Trying again, HU range:  3021.0 3271.0
Trying again, HU range:  30405.0 30655.0
Trying again, HU range:  3021.0 3271.0
Trying again, HU range:  31943.0 32193.0
Trying again, HU range:  3021.0 3271.0
Trying again, HU range:  32189.0 32439.0
Trying again, HU range:  3021.0 3271.0
Trying again, HU range:  26852.0 27102.0
Trying again, HU range:  18031.0 18281.0
Trying again, HU range:  23632.0 23882.0
Trying again, HU range:  3021.0 3271.0
Trying again, HU range:  32669.0 32919.0
Trying again, HU range:  3021.0 3271.0
Trying again, HU range:  32025.0 32275.0
Trying again, HU range:  31202.0 31452.0
Trying again, HU range:  3021.0 3271.0
Trying again, HU range:  3021.0 3271.0
Trying again, HU range:  27918.0 28168.0
Trying again, HU range:  22332.0 22582.0
Trying again, HU range:  26219.0 26469.0
Trying again, HU range:  31527.0 31777.0
Trying again, HU range:  27049.0 27299.0
Trying again, HU range:  2926.0 3176.0
Trying again, HU range:  29020.0 29270.0
Trying again, HU range:  24199.0 24449.0
Trying again, HU range:  19828.0 20078.0
Trying again, HU range:  32582.0 32832.0
Trying again, HU range:  30686.0 30936.0
Trying again, HU range:  30422.0 30672.0
Trying again, HU range:  29364.0 29614.0
Trying again, HU range:  29480.0 29730.0
Trying again, HU range:  32224.0 32474.0
Trying again, HU range:  29849.0 30099.0
Trying again, HU range:  31780.0 32030.0
Trying again, HU range:  3021.0 3271.0
Trying again, HU range:  31208.0 31458.0
Trying again, HU range:  31340.0 31590.0
Trying again, HU range:  3021.0 3271.0
Trying again, HU range:  3021.0 3271.0
Trying again, HU range:  23332.0 23582.0
Trying again, HU range:  19007.0 19257.0
Trying again, HU range:  3021.0 3271.0
Trying again, HU range:  31533.0 31783.0
Trying again, HU range:  32636.0 32886.0
Trying again, HU range:  30507.0 30757.0
Trying again, HU range:  31139.0 31389.0
Trying again, HU range:  3021.0 3271.0
Trying again, HU range:  27970.0 28220.0
Trying again, HU range:  13564.0 13814.0
Trying again, HU range:  3021.0 3271.0
Trying again, HU range:  31539.0 31789.0
Trying again, HU range:  2926.0 3176.0
Trying again, HU range:  32383.0 32633.0
Trying again, HU range:  3021.0 3271.0
Trying again, HU range:  29433.0 29683.0
Trying again, HU range:  18018.0 18268.0
Trying again, HU range:  32674.0 32924.0
Trying again, HU range:  3021.0 3271.0
Trying again, HU range:  32079.0 32329.0
Trying again, HU range:  31464.0 31714.0
Trying again, HU range:  3022.0 3272.0
Trying again, HU range:  3021.0 3271.0
Trying again, HU range:  29555.0 29805.0
Trying again, HU range:  3021.0 3271.0
Trying again, HU range:  3021.0 3271.0
Trying again, HU range:  3021.0 3271.0
Trying again, HU range:  32711.0 32961.0
Trying again, HU range:  3021.0 3271.0
Trying again, HU range:  3021.0 3271.0
Trying again, HU range:  32131.0 32381.0
Trying again, HU range:  3021.0 3271.0
Trying again, HU range:  31868.0 32118.0
Trying again, HU range:  3021.0 3271.0
Trying again, HU range:  28407.0 28657.0
Trying again, HU range:  2926.0 3176.0
Trying again, HU range:  28866.0 29116.0
Trying again, HU range:  3021.0 3271.0
Trying again, HU range:  26488.0 26738.0
Trying again, HU range:  31249.0 31499.0
Trying again, HU range:  31588.0 31838.0
Trying again, HU range:  32596.0 32846.0
Trying again, HU range:  32076.0 32326.0
Trying again, HU range:  3021.0 3271.0
Trying again, HU range:  29204.0 29454.0
Trying again, HU range:  3021.0 3271.0
Trying again, HU range:  3021.0 3271.0
Trying again, HU range:  31879.0 32129.0
Trying again, HU range:  28827.0 29077.0
Trying again, HU range:  21894.0 22144.0
Trying again, HU range:  30470.0 30720.0
Trying again, HU range:  21177.0 21427.0
Trying again, HU range:  27909.0 28159.0
Trying again, HU range:  32615.0 32865.0
Trying again, HU range:  31772.0 32022.0
Trying again, HU range:  31861.0 32111.0
Trying again, HU range:  30453.0 30703.0
Trying again, HU range:  31253.0 31503.0
Trying again, HU range:  3021.0 3271.0
Trying again, HU range:  3021.0 3271.0
Trying again, HU range:  19988.0 20238.0
Trying again, HU range:  3021.0 3271.0
Trying again, HU range:  3021.0 3271.0
Trying again, HU range:  32581.0 32831.0
Trying again, HU range:  3021.0 3271.0
Trying again, HU range:  3021.0 3271.0
Trying again, HU range:  3021.0 3271.0
Trying again, HU range:  25683.0 25933.0
Trying again, HU range:  3021.0 3271.0
Trying again, HU range:  24807.0 25057.0
Trying again, HU range:  28001.0 28251.0
Trying again, HU range:  24348.0 24598.0
Trying again, HU range:  29017.0 29267.0
Trying again, HU range:  32677.0 32927.0
Trying again, HU range:  32668.0 32918.0
Trying again, HU range:  26880.0 27130.0
Trying again, HU range:  32085.0 32335.0
Trying again, HU range:  3021.0 3271.0
Trying again, HU range:  32339.0 32589.0
Trying again, HU range:  3021.0 3271.0
Trying again, HU range:  3021.0 3271.0
Trying again, HU range:  3021.0 3271.0
Trying again, HU range:  3021.0 3271.0
Trying again, HU range:  14715.0 14965.0
Trying again, HU range:  29181.0 29431.0
Trying again, HU range:  3021.0 3271.0
Trying again, HU range:  31329.0 31579.0
Trying again, HU range:  32571.0 32821.0
Trying again, HU range:  31197.0 31447.0
Trying again, HU range:  3021.0 3271.0
Trying again, HU range:  3021.0 3271.0
Trying again, HU range:  3021.0 3271.0
Trying again, HU range:  29342.0 29592.0
Trying again, HU range:  28823.0 29073.0
Trying again, HU range:  32710.0 32960.0
Trying again, HU range:  32397.0 32647.0
Trying again, HU range:  30695.0 30945.0
Trying again, HU range:  31387.0 31637.0
Trying again, HU range:  3021.0 3271.0
Trying again, HU range:  31394.0 31644.0
Trying again, HU range:  3021.0 3271.0
Trying again, HU range:  3021.0 3271.0
Trying again, HU range:  3021.0 3271.0
Trying again, HU range:  31397.0 31647.0
Trying again, HU range:  32481.0 32731.0
Trying again, HU range:  28999.0 29249.0
Trying again, HU range:  32321.0 32571.0
Trying again, HU range:  30873.0 31123.0
Trying again, HU range:  28598.0 28848.0
Trying again, HU range:  3021.0 3271.0
Trying again, HU range:  29125.0 29375.0
Trying again, HU range:  31859.0 32109.0
Trying again, HU range:  3021.0 3271.0
Trying again, HU range:  23961.0 24211.0
Trying again, HU range:  3021.0 3271.0
Trying again, HU range:  3021.0 3271.0
Trying again, HU range:  3021.0 3271.0
Trying again, HU range:  31867.0 32117.0
Trying again, HU range:  30592.0 30842.0
Trying again, HU range:  3021.0 3271.0
Trying again, HU range:  3021.0 3271.0
Trying again, HU range:  31806.0 32056.0
Trying again, HU range:  29543.0 29793.0
Trying again, HU range:  3021.0 3271.0
Trying again, HU range:  3021.0 3271.0
Trying again, HU range:  30484.0 30734.0
Trying again, HU range:  23134.0 23384.0
Trying again, HU range:  27150.0 27400.0
Trying again, HU range:  31823.0 32073.0
Trying again, HU range:  30918.0 31168.0
Trying again, HU range:  31150.0 31400.0
Trying again, HU range:  29628.0 29878.0
Trying again, HU range:  29732.0 29982.0
Trying again, HU range:  26890.0 27140.0
Trying again, HU range:  3021.0 3271.0
Trying again, HU range:  3021.0 3271.0
Trying again, HU range:  3021.0 3271.0
Trying again, HU range:  29740.0 29990.0
Trying again, HU range:  16281.0 16531.0
Trying again, HU range:  3021.0 3271.0
Trying again, HU range:  3021.0 3271.0
Trying again, HU range:  31247.0 31497.0
Trying again, HU range:  30527.0 30777.0
Trying again, HU range:  29923.0 30173.0
Trying again, HU range:  32259.0 32509.0
Trying again, HU range:  3021.0 3271.0
Trying again, HU range:  3021.0 3271.0
Trying again, HU range:  3021.0 3271.0
Trying again, HU range:  3021.0 3271.0
Trying again, HU range:  32629.0 32879.0
Trying again, HU range:  32440.0 32690.0
Trying again, HU range:  3021.0 3271.0
Trying again, HU range:  3021.0 3271.0
Trying again, HU range:  29662.0 29912.0
Trying again, HU range:  3021.0 3271.0
Trying again, HU range:  32469.0 32719.0
Trying again, HU range:  3021.0 3271.0
Trying again, HU range:  23354.0 23604.0
Trying again, HU range:  32700.0 32950.0
Trying again, HU range:  30392.0 30642.0
Trying again, HU range:  32625.0 32875.0
Trying again, HU range:  32649.0 32899.0
Trying again, HU range:  3021.0 3271.0
Trying again, HU range:  27847.0 28097.0
Trying again, HU range:  20104.0 20354.0
Trying again, HU range:  3021.0 3271.0
Trying again, HU range:  3021.0 3271.0
Trying again, HU range:  3021.0 3271.0
Trying again, HU range:  23898.0 24148.0
Trying again, HU range:  3021.0 3271.0
Trying again, HU range:  31693.0 31943.0
Trying again, HU range:  2926.0 3176.0
Trying again, HU range:  27905.0 28155.0
Trying again, HU range:  16907.0 17157.0
Trying again, HU range:  3021.0 3271.0
Trying again, HU range:  3021.0 3271.0
Trying again, HU range:  30121.0 30371.0
Trying again, HU range:  3021.0 3271.0
Trying again, HU range:  3021.0 3271.0
Trying again, HU range:  32713.0 32963.0
Trying again, HU range:  30929.0 31179.0
Trying again, HU range:  3021.0 3271.0
Trying again, HU range:  16459.0 16709.0
Trying again, HU range:  23870.0 24120.0
Trying again, HU range:  32682.0 32932.0
Trying again, HU range:  32257.0 32507.0
Trying again, HU range:  3021.0 3271.0
Trying again, HU range:  3021.0 3271.0
Trying again, HU range:  3021.0 3271.0
Trying again, HU range:  31306.0 31556.0
Trying again, HU range:  32688.0 32938.0
Trying again, HU range:  3021.0 3271.0
Trying again, HU range:  19089.0 19339.0
Trying again, HU range:  3021.0 3271.0
Trying again, HU range:  24200.0 24450.0
Trying again, HU range:  3021.0 3271.0
Trying again, HU range:  31353.0 31603.0
Trying again, HU range:  3021.0 3271.0
Trying again, HU range:  3021.0 3271.0
Trying again, HU range:  3021.0 3271.0
Trying again, HU range:  3021.0 3271.0
Trying again, HU range:  27973.0 28223.0
Trying again, HU range:  28786.0 29036.0
Trying again, HU range:  28264.0 28514.0
Trying again, HU range:  31847.0 32097.0
Trying again, HU range:  3021.0 3271.0
Trying again, HU range:  3021.0 3271.0
Trying again, HU range:  3021.0 3271.0
Trying again, HU range:  32696.0 32946.0
Trying again, HU range:  32159.0 32409.0
Trying again, HU range:  32480.0 32730.0
Trying again, HU range:  26594.0 26844.0
Trying again, HU range:  3021.0 3271.0
Trying again, HU range:  32610.0 32860.0
Trying again, HU range:  31820.0 32070.0
Trying again, HU range:  31058.0 31308.0
Trying again, HU range:  27354.0 27604.0
Trying again, HU range:  31529.0 31779.0
Trying again, HU range:  17905.0 18155.0
Trying again, HU range:  31515.0 31765.0
Trying again, HU range:  25878.0 26128.0
Trying again, HU range:  13970.0 14220.0
Trying again, HU range:  11996.0 12246.0
Trying again, HU range:  31590.0 31840.0
Trying again, HU range:  31382.0 31632.0
Trying again, HU range:  3021.0 3271.0
Trying again, HU range:  3021.0 3271.0
Trying again, HU range:  3021.0 3271.0
Trying again, HU range:  3021.0 3271.0
Trying again, HU range:  17530.0 17780.0
Trying again, HU range:  30864.0 31114.0
Trying again, HU range:  3021.0 3271.0
Trying again, HU range:  31816.0 32066.0
Trying again, HU range:  3021.0 3271.0
Trying again, HU range:  29481.0 29731.0
Trying again, HU range:  27233.0 27483.0
Trying again, HU range:  3021.0 3271.0
Trying again, HU range:  3021.0 3271.0
Trying again, HU range:  31560.0 31810.0
Trying again, HU range:  3021.0 3271.0
Trying again, HU range:  3021.0 3271.0
Trying again, HU range:  3021.0 3271.0
Trying again, HU range:  3021.0 3271.0
Trying again, HU range:  31601.0 31851.0
Trying again, HU range:  32536.0 32786.0
Trying again, HU range:  24743.0 24993.0
Trying again, HU range:  30501.0 30751.0
Trying again, HU range:  32179.0 32429.0
Trying again, HU range:  26712.0 26962.0
Trying again, HU range:  27010.0 27260.0
Trying again, HU range:  28885.0 29135.0
Trying again, HU range:  31447.0 31697.0
Trying again, HU range:  3021.0 3271.0
Trying again, HU range:  28868.0 29118.0
Trying again, HU range:  26407.0 26657.0
Trying again, HU range:  32715.0 32965.0
Trying again, HU range:  3021.0 3271.0
Trying again, HU range:  32668.0 32918.0
Trying again, HU range:  28957.0 29207.0
Trying again, HU range:  31529.0 31779.0
Trying again, HU range:  26292.0 26542.0
Trying again, HU range:  27932.0 28182.0
Trying again, HU range:  27137.0 27387.0
Trying again, HU range:  31461.0 31711.0
Trying again, HU range:  3021.0 3271.0
Trying again, HU range:  3021.0 3271.0
Trying again, HU range:  3021.0 3271.0
Trying again, HU range:  7854.0 8104.0
Trying again, HU range:  31342.0 31592.0
Trying again, HU range:  24876.0 25126.0
Trying again, HU range:  24106.0 24356.0
Trying again, HU range:  22532.0 22782.0
Trying again, HU range:  3021.0 3271.0
Trying again, HU range:  30918.0 31168.0
Trying again, HU range:  3021.0 3271.0
Trying again, HU range:  28772.0 29022.0
Trying again, HU range:  31702.0 31952.0
Trying again, HU range:  27169.0 27419.0
Trying again, HU range:  21574.0 21824.0
Trying again, HU range:  30319.0 30569.0
Trying again, HU range:  32716.0 32966.0
Trying again, HU range:  32644.0 32894.0
Trying again, HU range:  31093.0 31343.0
Trying again, HU range:  32589.0 32839.0
Trying again, HU range:  19526.0 19776.0
Trying again, HU range:  32095.0 32345.0
Trying again, HU range:  31532.0 31782.0
Trying again, HU range:  28408.0 28658.0
Trying again, HU range:  31777.0 32027.0
Trying again, HU range:  30399.0 30649.0
Trying again, HU range:  3021.0 3271.0
Trying again, HU range:  27165.0 27415.0
Trying again, HU range:  31905.0 32155.0
Trying again, HU range:  30535.0 30785.0
Trying again, HU range:  3021.0 3271.0
Trying again, HU range:  32677.0 32927.0
Trying again, HU range:  3021.0 3271.0
Trying again, HU range:  32566.0 32816.0
Trying again, HU range:  32505.0 32755.0
Trying again, HU range:  3021.0 3271.0
Trying again, HU range:  3021.0 3271.0
Trying again, HU range:  32614.0 32864.0
Trying again, HU range:  32617.0 32867.0
Trying again, HU range:  28203.0 28453.0
Trying again, HU range:  27975.0 28225.0
Trying again, HU range:  3021.0 3271.0
Trying again, HU range:  3021.0 3271.0
Trying again, HU range:  24817.0 25067.0
Trying again, HU range:  32717.0 32967.0
Trying again, HU range:  2926.0 3176.0
Trying again, HU range:  29365.0 29615.0
Trying again, HU range:  31401.0 31651.0
Trying again, HU range:  3021.0 3271.0
Trying again, HU range:  12025.0 12275.0
Trying again, HU range:  32520.0 32770.0
Trying again, HU range:  3021.0 3271.0
Trying again, HU range:  32320.0 32570.0
Trying again, HU range:  2926.0 3176.0
Trying again, HU range:  3021.0 3271.0
Trying again, HU range:  3021.0 3271.0
Trying again, HU range:  31408.0 31658.0
Trying again, HU range:  3021.0 3271.0
Trying again, HU range:  3021.0 3271.0
Trying again, HU range:  32223.0 32473.0
Trying again, HU range:  31446.0 31696.0
Trying again, HU range:  32284.0 32534.0
Trying again, HU range:  32361.0 32611.0
Trying again, HU range:  23388.0 23638.0
Trying again, HU range:  31693.0 31943.0
Trying again, HU range:  15297.0 15547.0
Trying again, HU range:  21476.0 21726.0
Trying again, HU range:  3021.0 3271.0
Trying again, HU range:  3021.0 3271.0
Trying again, HU range:  30694.0 30944.0
Trying again, HU range:  3021.0 3271.0
Trying again, HU range:  27177.0 27427.0
Trying again, HU range:  3021.0 3271.0
Trying again, HU range:  3021.0 3271.0
Trying again, HU range:  31322.0 31572.0
Trying again, HU range:  32031.0 32281.0
Trying again, HU range:  3021.0 3271.0
Trying again, HU range:  28658.0 28908.0
Trying again, HU range:  14842.0 15092.0
Trying again, HU range:  25465.0 25715.0
Trying again, HU range:  3021.0 3271.0
Trying again, HU range:  32583.0 32833.0
Trying again, HU range:  3021.0 3271.0
Trying again, HU range:  20125.0 20375.0
Trying again, HU range:  27751.0 28001.0
Trying again, HU range:  32717.0 32967.0
Trying again, HU range:  3021.0 3271.0
Trying again, HU range:  3021.0 3271.0
Trying again, HU range:  32692.0 32942.0
Trying again, HU range:  30663.0 30913.0
Trying again, HU range:  31783.0 32033.0
Trying again, HU range:  31833.0 32083.0
Trying again, HU range:  32701.0 32951.0
Trying again, HU range:  24839.0 25089.0
Trying again, HU range:  3021.0 3271.0
Trying again, HU range:  32390.0 32640.0
Trying again, HU range:  21903.0 22153.0
Trying again, HU range:  30978.0 31228.0
Trying again, HU range:  30461.0 30711.0
Trying again, HU range:  3021.0 3271.0
Trying again, HU range:  3021.0 3271.0
Trying again, HU range:  3021.0 3271.0
Trying again, HU range:  32341.0 32591.0
Trying again, HU range:  32005.0 32255.0
Trying again, HU range:  32700.0 32950.0
Trying again, HU range:  26924.0 27174.0
Trying again, HU range:  32525.0 32775.0
Trying again, HU range:  25166.0 25416.0
Trying again, HU range:  2926.0 3176.0
Trying again, HU range:  30813.0 31063.0
Trying again, HU range:  3021.0 3271.0
Trying again, HU range:  32644.0 32894.0
Trying again, HU range:  3021.0 3271.0
Trying again, HU range:  18893.0 19143.0
Trying again, HU range:  21237.0 21487.0
Trying again, HU range:  31878.0 32128.0
Trying again, HU range:  32176.0 32426.0
Trying again, HU range:  26519.0 26769.0
Trying again, HU range:  31325.0 31575.0
Trying again, HU range:  28678.0 28928.0
Trying again, HU range:  28776.0 29026.0
Trying again, HU range:  32606.0 32856.0
Trying again, HU range:  32575.0 32825.0
Trying again, HU range:  3021.0 3271.0
Trying again, HU range:  28311.0 28561.0
Trying again, HU range:  3021.0 3271.0
Trying again, HU range:  28731.0 28981.0
Trying again, HU range:  29543.0 29793.0
Trying again, HU range:  3022.0 3272.0
Trying again, HU range:  32596.0 32846.0
Trying again, HU range:  3021.0 3271.0
Trying again, HU range:  3021.0 3271.0
Trying again, HU range:  29247.0 29497.0
Trying again, HU range:  3021.0 3271.0
Trying again, HU range:  26011.0 26261.0
Trying again, HU range:  32393.0 32643.0
Trying again, HU range:  32575.0 32825.0
Trying again, HU range:  3021.0 3271.0
Trying again, HU range:  31616.0 31866.0
Trying again, HU range:  3021.0 3271.0
Trying again, HU range:  3021.0 3271.0
Trying again, HU range:  32621.0 32871.0
Trying again, HU range:  3021.0 3271.0
Trying again, HU range:  30124.0 30374.0
Trying again, HU range:  26307.0 26557.0
Trying again, HU range:  3021.0 3271.0
Trying again, HU range:  25924.0 26174.0
Trying again, HU range:  3021.0 3271.0
Trying again, HU range:  30122.0 30372.0
Trying again, HU range:  31631.0 31881.0
Trying again, HU range:  3021.0 3271.0
Trying again, HU range:  32176.0 32426.0
Trying again, HU range:  31336.0 31586.0
Trying again, HU range:  30926.0 31176.0
Trying again, HU range:  3021.0 3271.0
Trying again, HU range:  24793.0 25043.0
Trying again, HU range:  30573.0 30823.0
Trying again, HU range:  26856.0 27106.0
Trying again, HU range:  32636.0 32886.0
Trying again, HU range:  3021.0 3271.0
Trying again, HU range:  32559.0 32809.0
Trying again, HU range:  3021.0 3271.0
Trying again, HU range:  22307.0 22557.0
Trying again, HU range:  23820.0 24070.0
Trying again, HU range:  3021.0 3271.0
Trying again, HU range:  3021.0 3271.0
Trying again, HU range:  16526.0 16776.0
Trying again, HU range:  12507.0 12757.0
Trying again, HU range:  32612.0 32862.0
Trying again, HU range:  3021.0 3271.0
Trying again, HU range:  3021.0 3271.0
Trying again, HU range:  12859.0 13109.0
Trying again, HU range:  3021.0 3271.0
Trying again, HU range:  31559.0 31809.0
Trying again, HU range:  31954.0 32204.0
Trying again, HU range:  29947.0 30197.0
Trying again, HU range:  30951.0 31201.0
Trying again, HU range:  31229.0 31479.0
Trying again, HU range:  30438.0 30688.0
Trying again, HU range:  3021.0 3271.0
Trying again, HU range:  3021.0 3271.0
Trying again, HU range:  28415.0 28665.0
Trying again, HU range:  29542.0 29792.0
Trying again, HU range:  3021.0 3271.0
Trying again, HU range:  30912.0 31162.0
Trying again, HU range:  3021.0 3271.0
Trying again, HU range:  19061.0 19311.0
Trying again, HU range:  17872.0 18122.0
Trying again, HU range:  26523.0 26773.0
Trying again, HU range:  26606.0 26856.0
Trying again, HU range:  3021.0 3271.0
Trying again, HU range:  32548.0 32798.0
Trying again, HU range:  23632.0 23882.0
Trying again, HU range:  3021.0 3271.0
Trying again, HU range:  25300.0 25550.0
Trying again, HU range:  3021.0 3271.0
Trying again, HU range:  3021.0 3271.0
Trying again, HU range:  31394.0 31644.0
Trying again, HU range:  32660.0 32910.0
Trying again, HU range:  31227.0 31477.0
Trying again, HU range:  32374.0 32624.0
Trying again, HU range:  30291.0 30541.0
Trying again, HU range:  25558.0 25808.0
Trying again, HU range:  32653.0 32903.0
Trying again, HU range:  3021.0 3271.0
Trying again, HU range:  23099.0 23349.0
Trying again, HU range:  3021.0 3271.0
Trying again, HU range:  24754.0 25004.0
Trying again, HU range:  3021.0 3271.0
Trying again, HU range:  32717.0 32967.0
Trying again, HU range:  3021.0 3271.0
Trying again, HU range:  3021.0 3271.0
Trying again, HU range:  31295.0 31545.0
Trying again, HU range:  27871.0 28121.0
Trying again, HU range:  30458.0 30708.0
Trying again, HU range:  32337.0 32587.0
Trying again, HU range:  21693.0 21943.0
Trying again, HU range:  30080.0 30330.0
Trying again, HU range:  32651.0 32901.0
Trying again, HU range:  32702.0 32952.0
Trying again, HU range:  28389.0 28639.0
Trying again, HU range:  3021.0 3271.0
Trying again, HU range:  24299.0 24549.0
Trying again, HU range:  3021.0 3271.0
Trying again, HU range:  32635.0 32885.0
Trying again, HU range:  31212.0 31462.0
Trying again, HU range:  15953.0 16203.0
Trying again, HU range:  21867.0 22117.0
Trying again, HU range:  26750.0 27000.0
Trying again, HU range:  31074.0 31324.0
Trying again, HU range:  2926.0 3176.0
Trying again, HU range:  26623.0 26873.0
Trying again, HU range:  3021.0 3271.0
Trying again, HU range:  22435.0 22685.0
Trying again, HU range:  3021.0 3271.0
Trying again, HU range:  3021.0 3271.0
Trying again, HU range:  3021.0 3271.0
Trying again, HU range:  27759.0 28009.0
Trying again, HU range:  31716.0 31966.0
Trying again, HU range:  27902.0 28152.0
Trying again, HU range:  32187.0 32437.0
Trying again, HU range:  31861.0 32111.0
Trying again, HU range:  32096.0 32346.0
Trying again, HU range:  3021.0 3271.0
Trying again, HU range:  31850.0 32100.0
Trying again, HU range:  31867.0 32117.0
Trying again, HU range:  3022.0 3272.0
Trying again, HU range:  2926.0 3176.0
Trying again, HU range:  3021.0 3271.0
Trying again, HU range:  27738.0 27988.0
Trying again, HU range:  32633.0 32883.0
Trying again, HU range:  3021.0 3271.0
Trying again, HU range:  28197.0 28447.0
Trying again, HU range:  20039.0 20289.0
Trying again, HU range:  31582.0 31832.0
Trying again, HU range:  21617.0 21867.0
Trying again, HU range:  32550.0 32800.0
Trying again, HU range:  3022.0 3272.0
Trying again, HU range:  29352.0 29602.0
Trying again, HU range:  28102.0 28352.0
Trying again, HU range:  3021.0 3271.0
Trying again, HU range:  31673.0 31923.0
Trying again, HU range:  3021.0 3271.0
Trying again, HU range:  32586.0 32836.0
Trying again, HU range:  3021.0 3271.0
Trying again, HU range:  3021.0 3271.0
Trying again, HU range:  3021.0 3271.0
Trying again, HU range:  32587.0 32837.0
Trying again, HU range:  32393.0 32643.0
Trying again, HU range:  3021.0 3271.0
Trying again, HU range:  24498.0 24748.0
Trying again, HU range:  3021.0 3271.0
Trying again, HU range:  26099.0 26349.0
Trying again, HU range:  3021.0 3271.0
Trying again, HU range:  27245.0 27495.0
Trying again, HU range:  31649.0 31899.0
Trying again, HU range:  32699.0 32949.0
Trying again, HU range:  3021.0 3271.0
Trying again, HU range:  3021.0 3271.0
Trying again, HU range:  32011.0 32261.0
Trying again, HU range:  32259.0 32509.0
Trying again, HU range:  31429.0 31679.0
Trying again, HU range:  3021.0 3271.0
Trying again, HU range:  3021.0 3271.0
Trying again, HU range:  30621.0 30871.0
Trying again, HU range:  3021.0 3271.0
Trying again, HU range:  31680.0 31930.0
Trying again, HU range:  25513.0 25763.0
Trying again, HU range:  29229.0 29479.0
Trying again, HU range:  31903.0 32153.0
Trying again, HU range:  30614.0 30864.0
Trying again, HU range:  27173.0 27423.0
Trying again, HU range:  31757.0 32007.0
Trying again, HU range:  28268.0 28518.0
Trying again, HU range:  16250.0 16500.0
Trying again, HU range:  30908.0 31158.0
Trying again, HU range:  32408.0 32658.0
Trying again, HU range:  31493.0 31743.0
Trying again, HU range:  29841.0 30091.0
Trying again, HU range:  25900.0 26150.0
Trying again, HU range:  3021.0 3271.0
Trying again, HU range:  3021.0 3271.0
Trying again, HU range:  31258.0 31508.0
Trying again, HU range:  65485.0 65735.0
Trying again, HU range:  32691.0 32941.0
Trying again, HU range:  3021.0 3271.0
Trying again, HU range:  31036.0 31286.0
Trying again, HU range:  3021.0 3271.0
Trying again, HU range:  3021.0 3271.0
Trying again, HU range:  32267.0 32517.0
Trying again, HU range:  32472.0 32722.0
Trying again, HU range:  25219.0 25469.0
Trying again, HU range:  28850.0 29100.0
Trying again, HU range:  3021.0 3271.0
Trying again, HU range:  28107.0 28357.0
Trying again, HU range:  31682.0 31932.0
Trying again, HU range:  22540.0 22790.0
Trying again, HU range:  3021.0 3271.0
Trying again, HU range:  3021.0 3271.0
Trying again, HU range:  32217.0 32467.0
Trying again, HU range:  3021.0 3271.0
Trying again, HU range:  24266.0 24516.0
Trying again, HU range:  32678.0 32928.0
Trying again, HU range:  31857.0 32107.0
Trying again, HU range:  30131.0 30381.0
Trying again, HU range:  3021.0 3271.0
Trying again, HU range:  29421.0 29671.0
Trying again, HU range:  31099.0 31349.0
Trying again, HU range:  3021.0 3271.0
Trying again, HU range:  28355.0 28605.0
Trying again, HU range:  25752.0 26002.0
Trying again, HU range:  26504.0 26754.0
Trying again, HU range:  31898.0 32148.0
Trying again, HU range:  32179.0 32429.0
Trying again, HU range:  29372.0 29622.0
Trying again, HU range:  32377.0 32627.0
Trying again, HU range:  3021.0 3271.0
Trying again, HU range:  32224.0 32474.0
Trying again, HU range:  18504.0 18754.0
Trying again, HU range:  29937.0 30187.0
Trying again, HU range:  31100.0 31350.0
Trying again, HU range:  32686.0 32936.0
Trying again, HU range:  3022.0 3272.0
Trying again, HU range:  32016.0 32266.0
Trying again, HU range:  3021.0 3271.0
Trying again, HU range:  3021.0 3271.0
Trying again, HU range:  31335.0 31585.0
Trying again, HU range:  30173.0 30423.0
Trying again, HU range:  31665.0 31915.0
Trying again, HU range:  31252.0 31502.0
Trying again, HU range:  29461.0 29711.0
Trying again, HU range:  31082.0 31332.0
Trying again, HU range:  31229.0 31479.0
Trying again, HU range:  32583.0 32833.0
Trying again, HU range:  32353.0 32603.0
Trying again, HU range:  24666.0 24916.0
Trying again, HU range:  32477.0 32727.0
Trying again, HU range:  28146.0 28396.0
Trying again, HU range:  28528.0 28778.0
Trying again, HU range:  32651.0 32901.0
Trying again, HU range:  32135.0 32385.0
Trying again, HU range:  31379.0 31629.0
Trying again, HU range:  32024.0 32274.0
Trying again, HU range:  27230.0 27480.0
Trying again, HU range:  32190.0 32440.0
Trying again, HU range:  32703.0 32953.0
Trying again, HU range:  3021.0 3271.0
Trying again, HU range:  31213.0 31463.0
Trying again, HU range:  27625.0 27875.0
Trying again, HU range:  32674.0 32924.0
Trying again, HU range:  30370.0 30620.0
Trying again, HU range:  31440.0 31690.0
Trying again, HU range:  30574.0 30824.0
Trying again, HU range:  3021.0 3271.0
Trying again, HU range:  32717.0 32967.0
Trying again, HU range:  3021.0 3271.0
Trying again, HU range:  32620.0 32870.0
Trying again, HU range:  31419.0 31669.0
Trying again, HU range:  27226.0 27476.0
Trying again, HU range:  32502.0 32752.0
Trying again, HU range:  25559.0 25809.0
Trying again, HU range:  32627.0 32877.0
Trying again, HU range:  32717.0 32967.0
Trying again, HU range:  23819.0 24069.0
Trying again, HU range:  24946.0 25196.0
Trying again, HU range:  31237.0 31487.0
Trying again, HU range:  32498.0 32748.0
Trying again, HU range:  3021.0 3271.0
Trying again, HU range:  3021.0 3271.0
Trying again, HU range:  3021.0 3271.0
Trying again, HU range:  31771.0 32021.0
Trying again, HU range:  31337.0 31587.0
Trying again, HU range:  3021.0 3271.0
Trying again, HU range:  3021.0 3271.0
Trying again, HU range:  3021.0 3271.0
Trying again, HU range:  32071.0 32321.0
Trying again, HU range:  14413.0 14663.0
Trying again, HU range:  31924.0 32174.0
Trying again, HU range:  19928.0 20178.0
Trying again, HU range:  3021.0 3271.0
Trying again, HU range:  29681.0 29931.0
Trying again, HU range:  3021.0 3271.0
Trying again, HU range:  3021.0 3271.0
Trying again, HU range:  23654.0 23904.0
Trying again, HU range:  32430.0 32680.0
Trying again, HU range:  22649.0 22899.0
Trying again, HU range:  28483.0 28733.0
Trying again, HU range:  32136.0 32386.0
Trying again, HU range:  3021.0 3271.0
Trying again, HU range:  32592.0 32842.0
Trying again, HU range:  26084.0 26334.0
Trying again, HU range:  31949.0 32199.0
Trying again, HU range:  32189.0 32439.0
Trying again, HU range:  32083.0 32333.0
Trying again, HU range:  31969.0 32219.0
Trying again, HU range:  32251.0 32501.0
Trying again, HU range:  31814.0 32064.0
Trying again, HU range:  31406.0 31656.0
Trying again, HU range:  32377.0 32627.0
Trying again, HU range:  32371.0 32621.0
Trying again, HU range:  3021.0 3271.0
Trying again, HU range:  30306.0 30556.0
Trying again, HU range:  30513.0 30763.0
Trying again, HU range:  24981.0 25231.0
Trying again, HU range:  3021.0 3271.0
Trying again, HU range:  31378.0 31628.0
Trying again, HU range:  3021.0 3271.0
Trying again, HU range:  30321.0 30571.0
Trying again, HU range:  23444.0 23694.0
Trying again, HU range:  32424.0 32674.0
Trying again, HU range:  30563.0 30813.0
Trying again, HU range:  2926.0 3176.0
Trying again, HU range:  32615.0 32865.0
Trying again, HU range:  3021.0 3271.0
Trying again, HU range:  3021.0 3271.0
Trying again, HU range:  31640.0 31890.0
Trying again, HU range:  32601.0 32851.0
Trying again, HU range:  13159.0 13409.0
Trying again, HU range:  3021.0 3271.0
Trying again, HU range:  3021.0 3271.0
Trying again, HU range:  26994.0 27244.0
Trying again, HU range:  31195.0 31445.0
Trying again, HU range:  32053.0 32303.0
Trying again, HU range:  3021.0 3271.0
Trying again, HU range:  32474.0 32724.0
Trying again, HU range:  21846.0 22096.0
Trying again, HU range:  32717.0 32967.0
Trying again, HU range:  3021.0 3271.0
Trying again, HU range:  30004.0 30254.0
Trying again, HU range:  21161.0 21411.0
Trying again, HU range:  30846.0 31096.0
Trying again, HU range:  30716.0 30966.0
Trying again, HU range:  32031.0 32281.0
Trying again, HU range:  32520.0 32770.0
Trying again, HU range:  29402.0 29652.0
Trying again, HU range:  3021.0 3271.0
Trying again, HU range:  3021.0 3271.0
Trying again, HU range:  27982.0 28232.0
Trying again, HU range:  28950.0 29200.0
Trying again, HU range:  3021.0 3271.0
Trying again, HU range:  29987.0 30237.0
Trying again, HU range:  18849.0 19099.0
Trying again, HU range:  31413.0 31663.0
Trying again, HU range:  27347.0 27597.0
Trying again, HU range:  12773.0 13023.0
Trying again, HU range:  3021.0 3271.0
Trying again, HU range:  3021.0 3271.0
Trying again, HU range:  30450.0 30700.0
Trying again, HU range:  3021.0 3271.0
Trying again, HU range:  3021.0 3271.0
Trying again, HU range:  18556.0 18806.0
Trying again, HU range:  3021.0 3271.0
Trying again, HU range:  21077.0 21327.0
Trying again, HU range:  28317.0 28567.0
Trying again, HU range:  3021.0 3271.0
Trying again, HU range:  3021.0 3271.0
Trying again, HU range:  31331.0 31581.0
Trying again, HU range:  31189.0 31439.0
Trying again, HU range:  32535.0 32785.0
Trying again, HU range:  3021.0 3271.0
Trying again, HU range:  25710.0 25960.0
Trying again, HU range:  3021.0 3271.0
Trying again, HU range:  32602.0 32852.0
Trying again, HU range:  28028.0 28278.0
Trying again, HU range:  32483.0 32733.0
Trying again, HU range:  3021.0 3271.0
Trying again, HU range:  32563.0 32813.0
Trying again, HU range:  22005.0 22255.0
Trying again, HU range:  3021.0 3271.0
Trying again, HU range:  28212.0 28462.0
Trying again, HU range:  27733.0 27983.0
Trying again, HU range:  17548.0 17798.0
All images labelled
Assessing accuracy
[0.2313167259786477, 0.8274021352313167, 0.8763345195729537, 0.8959074733096085, 0.9217081850533808]
Python script finished.
